<?xml version="1.0" encoding="UTF-8"?>
<!-- Generated by org.testng.reporters.JUnitReportReporter -->
<testsuite hostname="MyAlienWare" failures="2" tests="2" name="cucumberOptions.failedScenarios_TestRunner" time="13.914" errors="0" timestamp="2022-12-31T12:15:10 EST" skipped="0">
  <testcase classname="cucumberOptions.failedScenarios_TestRunner" name="runScenario" time="7.009">
    <failure message="expected [null] but found [No data]" type="java.lang.AssertionError">
      <![CDATA[java.lang.AssertionError: expected [null] but found [No data]
at org.testng.Assert.fail(Assert.java:110)
at org.testng.Assert.failNotEquals(Assert.java:1413)
at org.testng.Assert.assertEqualsImpl(Assert.java:149)
at org.testng.Assert.assertEquals(Assert.java:131)
at org.testng.Assert.assertEquals(Assert.java:655)
at org.testng.Assert.assertEquals(Assert.java:665)
at stepDefinations.OfferPage_StepsDefs.Validate_HomePage_and_OfferPage_products_are_same(OfferPage_StepsDefs.java:45)
at ✽.Validate HomePage and OfferPage products are same(file:///D:/BDD_Workspace/CucumberFramework/src/test/java/features/searchProducts.feature:10)
]]>
    </failure>
  </testcase> <!-- runScenario -->
  <system-out/>
  <testcase classname="cucumberOptions.failedScenarios_TestRunner" name="runScenario" time="6.905">
    <failure message="expected [null] but found [Tomato]" type="java.lang.AssertionError">
      <![CDATA[java.lang.AssertionError: expected [null] but found [Tomato]
at org.testng.Assert.fail(Assert.java:110)
at org.testng.Assert.failNotEquals(Assert.java:1413)
at org.testng.Assert.assertEqualsImpl(Assert.java:149)
at org.testng.Assert.assertEquals(Assert.java:131)
at org.testng.Assert.assertEquals(Assert.java:655)
at org.testng.Assert.assertEquals(Assert.java:665)
at stepDefinations.OfferPage_StepsDefs.Validate_HomePage_and_OfferPage_products_are_same(OfferPage_StepsDefs.java:45)
at ✽.Validate HomePage and OfferPage products are same(file:///D:/BDD_Workspace/CucumberFramework/src/test/java/features/searchProducts.feature:10)
]]>
    </failure>
  </testcase> <!-- runScenario -->
  <system-out/>
</testsuite> <!-- cucumberOptions.failedScenarios_TestRunner -->
